<?xml version="1.0" encoding="UTF-8"?>
<!-- Generated by org.testng.reporters.JUnitXMLReporter -->
<testsuite hostname="DESKTOP-CM7QV2O" name="Cross Asyst Assignment: Launch Application" tests="3" failures="0" timestamp="17 Jul 2020 04:10:32 GMT" time="24.365" errors="0">
  <testcase name="@BeforeMethod SetUp" time="0.0" classname="com.caat.qa.testcases.CAAT_OpenApplication_Test">
    <failure type="org.openqa.selenium.WebDriverException" message="chrome not reachable
  (Session info: chrome=83.0.4103.116)
Build info: version: &amp;apos;3.141.59&amp;apos;, revision: &amp;apos;e82be7d358&amp;apos;, time: &amp;apos;2018-11-14T08:17:03&amp;apos;
System info: host: &amp;apos;DESKTOP-CM7QV2O&amp;apos;, ip: &amp;apos;192.168.2.11&amp;apos;, os.name: &amp;apos;Windows 10&amp;apos;, os.arch: &amp;apos;amd64&amp;apos;, os.version: &amp;apos;10.0&amp;apos;, java.version: &amp;apos;1.8.0_131&amp;apos;
Driver info: org.openqa.selenium.chrome.ChromeDriver
Capabilities {acceptInsecureCerts: false, browserName: chrome, browserVersion: 83.0.4103.116, chrome: {chromedriverVersion: 83.0.4103.14 (be04594a2b841..., userDataDir: C:\Users\DELL\AppData\Local...}, goog:chromeOptions: {debuggerAddress: localhost:57586}, javascriptEnabled: true, networkConnectionEnabled: false, pageLoadStrategy: normal, platform: WINDOWS, platformName: WINDOWS, proxy: Proxy(), setWindowRect: true, strictFileInteractability: false, timeouts: {implicit: 0, pageLoad: 300000, script: 30000}, unhandledPromptBehavior: dismiss and notify, webauthn:virtualAuthenticators: true}
Session ID: 1177157f8c97655f1fc9fe6da5cf938a">
      <![CDATA[org.openqa.selenium.WebDriverException: chrome not reachable
  (Session info: chrome=83.0.4103.116)
Build info: version: '3.141.59', revision: 'e82be7d358', time: '2018-11-14T08:17:03'
System info: host: 'DESKTOP-CM7QV2O', ip: '192.168.2.11', os.name: 'Windows 10', os.arch: 'amd64', os.version: '10.0', java.version: '1.8.0_131'
Driver info: org.openqa.selenium.chrome.ChromeDriver
Capabilities {acceptInsecureCerts: false, browserName: chrome, browserVersion: 83.0.4103.116, chrome: {chromedriverVersion: 83.0.4103.14 (be04594a2b841..., userDataDir: C:\Users\DELL\AppData\Local...}, goog:chromeOptions: {debuggerAddress: localhost:57586}, javascriptEnabled: true, networkConnectionEnabled: false, pageLoadStrategy: normal, platform: WINDOWS, platformName: WINDOWS, proxy: Proxy(), setWindowRect: true, strictFileInteractability: false, timeouts: {implicit: 0, pageLoad: 300000, script: 30000}, unhandledPromptBehavior: dismiss and notify, webauthn:virtualAuthenticators: true}
Session ID: 1177157f8c97655f1fc9fe6da5cf938a
	at org.openqa.selenium.remote.http.W3CHttpResponseCodec.createException(W3CHttpResponseCodec.java:187)
	at org.openqa.selenium.remote.http.W3CHttpResponseCodec.decode(W3CHttpResponseCodec.java:122)
	at org.openqa.selenium.remote.http.W3CHttpResponseCodec.decode(W3CHttpResponseCodec.java:49)
	at org.openqa.selenium.remote.HttpCommandExecutor.execute(HttpCommandExecutor.java:158)
	at org.openqa.selenium.remote.service.DriverCommandExecutor.execute(DriverCommandExecutor.java:83)
	at org.openqa.selenium.remote.RemoteWebDriver.execute(RemoteWebDriver.java:552)
	at org.openqa.selenium.remote.RemoteWebDriver.get(RemoteWebDriver.java:277)
	at com.caat.qa.base.CAAT_TestBase.initialization(CAAT_TestBase.java:73)
	at com.caat.qa.testcases.CAAT_OpenApplication_Test.SetUp(CAAT_OpenApplication_Test.java:36)
	at java.util.concurrent.FutureTask.run(Unknown Source)
	at java.util.concurrent.ThreadPoolExecutor.runWorker(Unknown Source)
	at java.util.concurrent.ThreadPoolExecutor$Worker.run(Unknown Source)
	at java.lang.Thread.run(Unknown Source)
... Removed 22 stack frames]]>
    </failure>
  </testcase> <!-- @BeforeMethod SetUp -->
  <testcase name="@AfterMethod ClosetheBroser" time="0.0" classname="com.caat.qa.testcases.CAAT_OpenApplication_Test">
    <skipped/>
  </testcase> <!-- @AfterMethod ClosetheBroser -->
  <testcase name="@BeforeMethod SetUp" time="0.0" classname="com.caat.qa.testcases.CAAT_OpenApplication_Test">
    <skipped/>
  </testcase> <!-- @BeforeMethod SetUp -->
  <testcase name="@AfterMethod ClosetheBroser" time="0.0" classname="com.caat.qa.testcases.CAAT_OpenApplication_Test">
    <skipped/>
  </testcase> <!-- @AfterMethod ClosetheBroser -->
  <testcase name="@BeforeMethod SetUp" time="0.0" classname="com.caat.qa.testcases.CAAT_OpenApplication_Test">
    <skipped/>
  </testcase> <!-- @BeforeMethod SetUp -->
  <testcase name="@AfterMethod ClosetheBroser" time="0.0" classname="com.caat.qa.testcases.CAAT_OpenApplication_Test">
    <skipped/>
  </testcase> <!-- @AfterMethod ClosetheBroser -->
  <testcase name="@AfterTest TestCompleted" time="0.0" classname="com.caat.qa.testcases.CAAT_OpenApplication_Test">
    <skipped/>
  </testcase> <!-- @AfterTest TestCompleted -->
  <testcase name="LaunchApplication_Test" time="0.001" classname="com.caat.qa.testcases.CAAT_OpenApplication_Test">
    <skipped/>
  </testcase> <!-- LaunchApplication_Test -->
  <testcase name="validate_CAAT_MainPage_TitleAndURL_Test" time="0.001" classname="com.caat.qa.testcases.CAAT_OpenApplication_Test">
    <skipped/>
  </testcase> <!-- validate_CAAT_MainPage_TitleAndURL_Test -->
  <testcase name="CAAT_CloseApp_Test" time="0.003" classname="com.caat.qa.testcases.CAAT_OpenApplication_Test">
    <skipped/>
  </testcase> <!-- CAAT_CloseApp_Test -->
</testsuite> <!-- Cross Asyst Assignment: Launch Application -->
