<!DOCTYPE html PUBLIC "-//W3C//DTD XHTML 1.1//EN" "http://www.w3.org/TR/xhtml11/DTD/xhtml11.dtd">
<html xmlns="http://www.w3.org/1999/xhtml"><head><title>TestNG Report</title><style type="text/css">table {margin-bottom:10px;border-collapse:collapse;empty-cells:show}th,td {border:1px solid #009;padding:.25em .5em}th {vertical-align:bottom}td {vertical-align:top}table a {font-weight:bold}.stripe td {background-color: #E6EBF9}.num {text-align:right}.passedodd td {background-color: #3F3}.passedeven td {background-color: #0A0}.skippedodd td {background-color: #DDD}.skippedeven td {background-color: #CCC}.failedodd td,.attn {background-color: #F33}.failedeven td,.stripe .attn {background-color: #D00}.stacktrace {white-space:pre;font-family:monospace}.totop {font-size:85%;text-align:center;border-bottom:2px solid #000}</style></head><body><table><tr><th>Test</th><th># Passed</th><th># Skipped</th><th># Failed</th><th>Time (ms)</th><th>Included Groups</th><th>Excluded Groups</th></tr><tr><th colspan="7">CAAT TEST Automation - Basic Test</th></tr><tr><td><a href="#t0">Cross Asyst Assignment: Launch Application</a></td><td class="num">3</td><td class="num">0</td><td class="num">0</td><td class="num">76,395</td><td></td><td></td></tr><tr class="stripe"><td><a href="#t1">Cross Asyst Assignment: Create Account</a></td><td class="num">5</td><td class="num">0</td><td class="num">0</td><td class="num">158,171</td><td></td><td></td></tr><tr><td><a href="#t2">Cross Asyst Assignment: Login</a></td><td class="num">3</td><td class="num">0</td><td class="num">0</td><td class="num">79,266</td><td></td><td></td></tr><tr class="stripe"><td><a href="#t3">Cross Asyst Assignment: Login and Purchase</a></td><td class="num">2</td><td class="num">0</td><td class="num attn">1</td><td class="num">134,851</td><td></td><td></td></tr><tr><td><a href="#t4">Cross Asyst Assignment: Transaction History</a></td><td class="num">2</td><td class="num">0</td><td class="num attn">1</td><td class="num">130,514</td><td></td><td></td></tr><tr><th>Total</th><th class="num">15</th><th class="num">0</th><th class="num attn">2</th><th class="num">579,197</th><th colspan="2"></th></tr></table><table><thead><tr><th>Class</th><th>Method</th><th>Start</th><th>Time (ms)</th></tr></thead><tbody><tr><th colspan="4">CAAT TEST Automation - Basic Test</th></tr></tbody><tbody id="t0"><tr><th colspan="4">Cross Asyst Assignment: Launch Application &#8212; passed</th></tr><tr class="passedeven"><td rowspan="3">com.caat.qa.testcases.CAAT_OpenApplication_Test</td><td><a href="#m0">CAAT_CloseApp_Test</a></td><td rowspan="1">1594963594360</td><td rowspan="1">1</td></tr><tr class="passedeven"><td><a href="#m1">LaunchApplication_Test</a></td><td rowspan="1">1594963541981</td><td rowspan="1">1546</td></tr><tr class="passedeven"><td><a href="#m2">validate_CAAT_MainPage_TitleAndURL_Test</a></td><td rowspan="1">1594963569430</td><td rowspan="1">4539</td></tr></tbody><tbody id="t1"><tr><th colspan="4">Cross Asyst Assignment: Create Account &#8212; passed</th></tr><tr class="passedeven"><td rowspan="5">com.caat.qa.testcases.CAAT_CreateAccount_Test</td><td><a href="#m3">CAAT_CreateNewAccount_Test</a></td><td rowspan="1">1594963690358</td><td rowspan="1">39256</td></tr><tr class="passedeven"><td><a href="#m4">ClosingTheApplication_Test</a></td><td rowspan="1">1594963753277</td><td rowspan="1">1</td></tr><tr class="passedeven"><td><a href="#m5">LaunchApplication_Test</a></td><td rowspan="1">1594963617812</td><td rowspan="1">0</td></tr><tr class="passedeven"><td><a href="#m6">validate_CAAT_MainPage_TitleAndURL_Test</a></td><td rowspan="1">1594963640252</td><td rowspan="1">1928</td></tr><tr class="passedeven"><td><a href="#m7">validate_SignIn_Label_Test</a></td><td rowspan="1">1594963667743</td><td rowspan="1">2493</td></tr></tbody><tbody id="t2"><tr><th colspan="4">Cross Asyst Assignment: Login &#8212; passed</th></tr><tr class="passedeven"><td rowspan="3">com.caat.qa.testcases.CAAT_Login_Test</td><td><a href="#m8">CAAT_CloseApp_Test</a></td><td rowspan="1">1594963832761</td><td rowspan="1">0</td></tr><tr class="passedeven"><td><a href="#m9">CAAT_LoginVerification_Test</a></td><td rowspan="1">1594963792280</td><td rowspan="1">17575</td></tr><tr class="passedeven"><td><a href="#m10">LaunchApplication_Test</a></td><td rowspan="1">1594963773591</td><td rowspan="1">1</td></tr></tbody><tbody id="t3"><tr><th colspan="4">Cross Asyst Assignment: Login and Purchase &#8212; failed</th></tr><tr class="failedeven"><td rowspan="1">com.caat.qa.testcases.CAAT_LoginAndPurchase_Test</td><td><a href="#m11">CAAT_LoginAndTransaction_Test</a></td><td rowspan="1">1594963878341</td><td rowspan="1">47860</td></tr><tr><th colspan="4">Cross Asyst Assignment: Login and Purchase &#8212; passed</th></tr><tr class="passedeven"><td rowspan="2">com.caat.qa.testcases.CAAT_LoginAndPurchase_Test</td><td><a href="#m12">CAAT_CloseApp_Test</a></td><td rowspan="1">1594963966517</td><td rowspan="1">0</td></tr><tr class="passedeven"><td><a href="#m13">LaunchApplication_Test</a></td><td rowspan="1">1594963853113</td><td rowspan="1">0</td></tr></tbody><tbody id="t4"><tr><th colspan="4">Cross Asyst Assignment: Transaction History &#8212; failed</th></tr><tr class="failedeven"><td rowspan="1">com.caat.qa.testcases.CAAT_ProfileAndTrans_Test</td><td><a href="#m14">CAAT_LoginAndTransactionAmountVerification_Test</a></td><td rowspan="1">1594964050446</td><td rowspan="1">12610</td></tr><tr><th colspan="4">Cross Asyst Assignment: Transaction History &#8212; passed</th></tr><tr class="passedeven"><td rowspan="2">com.caat.qa.testcases.CAAT_ProfileAndTrans_Test</td><td><a href="#m15">CAAT_CloseApp_Test</a></td><td rowspan="1">1594964098167</td><td rowspan="1">0</td></tr><tr class="passedeven"><td><a href="#m16">LaunchApplication_Test</a></td><td rowspan="1">1594964015760</td><td rowspan="1">0</td></tr></tbody></table><h2>Cross Asyst Assignment: Launch Application</h2><h3 id="m0">com.caat.qa.testcases.CAAT_OpenApplication_Test#CAAT_CloseApp_Test</h3><table class="result"></table><p class="totop"><a href="#summary">back to summary</a></p><h3 id="m1">com.caat.qa.testcases.CAAT_OpenApplication_Test#LaunchApplication_Test</h3><table class="result"></table><p class="totop"><a href="#summary">back to summary</a></p><h3 id="m2">com.caat.qa.testcases.CAAT_OpenApplication_Test#validate_CAAT_MainPage_TitleAndURL_Test</h3><table class="result"></table><p class="totop"><a href="#summary">back to summary</a></p><h2>Cross Asyst Assignment: Create Account</h2><h3 id="m3">com.caat.qa.testcases.CAAT_CreateAccount_Test#CAAT_CreateNewAccount_Test</h3><table class="result"></table><p class="totop"><a href="#summary">back to summary</a></p><h3 id="m4">com.caat.qa.testcases.CAAT_CreateAccount_Test#ClosingTheApplication_Test</h3><table class="result"></table><p class="totop"><a href="#summary">back to summary</a></p><h3 id="m5">com.caat.qa.testcases.CAAT_CreateAccount_Test#LaunchApplication_Test</h3><table class="result"></table><p class="totop"><a href="#summary">back to summary</a></p><h3 id="m6">com.caat.qa.testcases.CAAT_CreateAccount_Test#validate_CAAT_MainPage_TitleAndURL_Test</h3><table class="result"></table><p class="totop"><a href="#summary">back to summary</a></p><h3 id="m7">com.caat.qa.testcases.CAAT_CreateAccount_Test#validate_SignIn_Label_Test</h3><table class="result"></table><p class="totop"><a href="#summary">back to summary</a></p><h2>Cross Asyst Assignment: Login</h2><h3 id="m8">com.caat.qa.testcases.CAAT_Login_Test#CAAT_CloseApp_Test</h3><table class="result"></table><p class="totop"><a href="#summary">back to summary</a></p><h3 id="m9">com.caat.qa.testcases.CAAT_Login_Test#CAAT_LoginVerification_Test</h3><table class="result"></table><p class="totop"><a href="#summary">back to summary</a></p><h3 id="m10">com.caat.qa.testcases.CAAT_Login_Test#LaunchApplication_Test</h3><table class="result"></table><p class="totop"><a href="#summary">back to summary</a></p><h2>Cross Asyst Assignment: Login and Purchase</h2><h3 id="m11">com.caat.qa.testcases.CAAT_LoginAndPurchase_Test#CAAT_LoginAndTransaction_Test</h3><table class="result"><tr><th>Exception</th></tr><tr><td><div class="stacktrace">org.openqa.selenium.ElementNotInteractableException: element not interactable
  (Session info: chrome=83.0.4103.116)
Build info: version: &apos;3.141.59&apos;, revision: &apos;e82be7d358&apos;, time: &apos;2018-11-14T08:17:03&apos;
System info: host: &apos;DESKTOP-CM7QV2O&apos;, ip: &apos;192.168.2.11&apos;, os.name: &apos;Windows 10&apos;, os.arch: &apos;amd64&apos;, os.version: &apos;10.0&apos;, java.version: &apos;1.8.0_131&apos;
Driver info: org.openqa.selenium.chrome.ChromeDriver
Capabilities {acceptInsecureCerts: false, browserName: chrome, browserVersion: 83.0.4103.116, chrome: {chromedriverVersion: 83.0.4103.14 (be04594a2b841..., userDataDir: C:\Users\DELL\AppData\Local...}, goog:chromeOptions: {debuggerAddress: localhost:62286}, javascriptEnabled: true, networkConnectionEnabled: false, pageLoadStrategy: normal, platform: WINDOWS, platformName: WINDOWS, proxy: Proxy(), setWindowRect: true, strictFileInteractability: false, timeouts: {implicit: 0, pageLoad: 300000, script: 30000}, unhandledPromptBehavior: dismiss and notify, webauthn:virtualAuthenticators: true}
Session ID: 1d7b38f927b33e029ffdb76d55bf412f
	at org.openqa.selenium.remote.http.W3CHttpResponseCodec.createException(W3CHttpResponseCodec.java:187)
	at org.openqa.selenium.remote.http.W3CHttpResponseCodec.decode(W3CHttpResponseCodec.java:122)
	at org.openqa.selenium.remote.http.W3CHttpResponseCodec.decode(W3CHttpResponseCodec.java:49)
	at org.openqa.selenium.remote.HttpCommandExecutor.execute(HttpCommandExecutor.java:158)
	at org.openqa.selenium.remote.service.DriverCommandExecutor.execute(DriverCommandExecutor.java:83)
	at org.openqa.selenium.remote.RemoteWebDriver.execute(RemoteWebDriver.java:552)
	at org.openqa.selenium.remote.RemoteWebElement.execute(RemoteWebElement.java:285)
	at org.openqa.selenium.remote.RemoteWebElement.click(RemoteWebElement.java:84)
	at com.caat.qa.pages.CAAT_LoginAndPurchase.action_Select_WOMAN_Item(CAAT_LoginAndPurchase.java:138)
	at com.caat.qa.testcases.CAAT_LoginAndPurchase_Test.CAAT_LoginAndTransaction_Test(CAAT_LoginAndPurchase_Test.java:60)
	at java.util.concurrent.FutureTask.run(Unknown Source)
	at java.util.concurrent.ThreadPoolExecutor.runWorker(Unknown Source)
	at java.util.concurrent.ThreadPoolExecutor$Worker.run(Unknown Source)
	at java.lang.Thread.run(Unknown Source)
... Removed 20 stack frames</div></td></tr></table><p class="totop"><a href="#summary">back to summary</a></p><h3 id="m12">com.caat.qa.testcases.CAAT_LoginAndPurchase_Test#CAAT_CloseApp_Test</h3><table class="result"></table><p class="totop"><a href="#summary">back to summary</a></p><h3 id="m13">com.caat.qa.testcases.CAAT_LoginAndPurchase_Test#LaunchApplication_Test</h3><table class="result"></table><p class="totop"><a href="#summary">back to summary</a></p><h2>Cross Asyst Assignment: Transaction History</h2><h3 id="m14">com.caat.qa.testcases.CAAT_ProfileAndTrans_Test#CAAT_LoginAndTransactionAmountVerification_Test</h3><table class="result"><tr><th>Exception</th></tr><tr><td><div class="stacktrace">org.openqa.selenium.NoSuchElementException: no such element: Unable to locate element: {&quot;method&quot;:&quot;xpath&quot;,&quot;selector&quot;:&quot;//*[@id=&apos;order-list&apos;]/tbody/tr/td[3]/span&quot;}
  (Session info: chrome=83.0.4103.116)
For documentation on this error, please visit: https://www.seleniumhq.org/exceptions/no_such_element.html
Build info: version: &apos;3.141.59&apos;, revision: &apos;e82be7d358&apos;, time: &apos;2018-11-14T08:17:03&apos;
System info: host: &apos;DESKTOP-CM7QV2O&apos;, ip: &apos;192.168.2.11&apos;, os.name: &apos;Windows 10&apos;, os.arch: &apos;amd64&apos;, os.version: &apos;10.0&apos;, java.version: &apos;1.8.0_131&apos;
Driver info: org.openqa.selenium.chrome.ChromeDriver
Capabilities {acceptInsecureCerts: false, browserName: chrome, browserVersion: 83.0.4103.116, chrome: {chromedriverVersion: 83.0.4103.14 (be04594a2b841..., userDataDir: C:\Users\DELL\AppData\Local...}, goog:chromeOptions: {debuggerAddress: localhost:62729}, javascriptEnabled: true, networkConnectionEnabled: false, pageLoadStrategy: normal, platform: WINDOWS, platformName: WINDOWS, proxy: Proxy(), setWindowRect: true, strictFileInteractability: false, timeouts: {implicit: 0, pageLoad: 300000, script: 30000}, unhandledPromptBehavior: dismiss and notify, webauthn:virtualAuthenticators: true}
Session ID: 1caff23de04620357ecfb85aa7183806
*** Element info: {Using=xpath, value=//*[@id=&apos;order-list&apos;]/tbody/tr/td[3]/span}
	at org.openqa.selenium.remote.http.W3CHttpResponseCodec.createException(W3CHttpResponseCodec.java:187)
	at org.openqa.selenium.remote.http.W3CHttpResponseCodec.decode(W3CHttpResponseCodec.java:122)
	at org.openqa.selenium.remote.http.W3CHttpResponseCodec.decode(W3CHttpResponseCodec.java:49)
	at org.openqa.selenium.remote.HttpCommandExecutor.execute(HttpCommandExecutor.java:158)
	at org.openqa.selenium.remote.service.DriverCommandExecutor.execute(DriverCommandExecutor.java:83)
	at org.openqa.selenium.remote.RemoteWebDriver.execute(RemoteWebDriver.java:552)
	at org.openqa.selenium.remote.RemoteWebDriver.findElement(RemoteWebDriver.java:323)
	at org.openqa.selenium.remote.RemoteWebDriver.findElementByXPath(RemoteWebDriver.java:428)
	at org.openqa.selenium.By$ByXPath.findElement(By.java:353)
	at org.openqa.selenium.remote.RemoteWebDriver.findElement(RemoteWebDriver.java:315)
	at org.openqa.selenium.support.pagefactory.DefaultElementLocator.findElement(DefaultElementLocator.java:69)
	at org.openqa.selenium.support.pagefactory.internal.LocatingElementHandler.invoke(LocatingElementHandler.java:38)
	at com.sun.proxy.$Proxy10.getText(Unknown Source)
	at com.caat.qa.pages.CAAT_ProfileAndTrans.validate_TransactionAmount(CAAT_ProfileAndTrans.java:100)
	at com.caat.qa.testcases.CAAT_ProfileAndTrans_Test.CAAT_LoginAndTransactionAmountVerification_Test(CAAT_ProfileAndTrans_Test.java:62)
	at java.util.concurrent.FutureTask.run(Unknown Source)
	at java.util.concurrent.ThreadPoolExecutor.runWorker(Unknown Source)
	at java.util.concurrent.ThreadPoolExecutor$Worker.run(Unknown Source)
	at java.lang.Thread.run(Unknown Source)
... Removed 20 stack frames</div></td></tr></table><p class="totop"><a href="#summary">back to summary</a></p><h3 id="m15">com.caat.qa.testcases.CAAT_ProfileAndTrans_Test#CAAT_CloseApp_Test</h3><table class="result"></table><p class="totop"><a href="#summary">back to summary</a></p><h3 id="m16">com.caat.qa.testcases.CAAT_ProfileAndTrans_Test#LaunchApplication_Test</h3><table class="result"></table><p class="totop"><a href="#summary">back to summary</a></p></body></html>