<!DOCTYPE html>

<html>
  <head>
  <meta charset='utf-8'>
  <title>TestNG reports</title>

    <link type="text/css" href="testng-reports.css" rel="stylesheet" />  
    <script type="text/javascript" src="jquery-1.7.1.min.js"></script>
    <script type="text/javascript" src="testng-reports.js"></script>
    <script type="text/javascript" src="https://www.google.com/jsapi"></script>
    <script type='text/javascript'>
      google.load('visualization', '1', {packages:['table']});
      google.setOnLoadCallback(drawTable);
      var suiteTableInitFunctions = new Array();
      var suiteTableData = new Array();
    </script>
    <!--
      <script type="text/javascript" src="jquery-ui/js/jquery-ui-1.8.16.custom.min.js"></script>
     -->
  </head>

  <body>
    <div class="top-banner-root">
      <span class="top-banner-title-font">Test results</span>
      <br/>
      <span class="top-banner-font-1">1 suite, 2 failed tests</span>
    </div> <!-- top-banner-root -->
    <div class="navigator-root">
      <div class="navigator-suite-header">
        <span>All suites</span>
        <a href="#" class="collapse-all-link" title="Collapse/expand all the suites">
          <img class="collapse-all-icon" src="collapseall.gif">
          </img> <!-- collapse-all-icon -->
        </a> <!-- collapse-all-link -->
      </div> <!-- navigator-suite-header -->
      <div class="suite">
        <div class="rounded-window">
          <div class="suite-header light-rounded-window-top">
            <a href="#" class="navigator-link" panel-name="suite-CAAT_TEST_Automation_-_Basic_Test">
              <span class="suite-name border-failed">CAAT TEST Automation - Basic Test</span>
            </a> <!-- navigator-link -->
          </div> <!-- suite-header light-rounded-window-top -->
          <div class="navigator-suite-content">
            <div class="suite-section-title">
              <span>Info</span>
            </div> <!-- suite-section-title -->
            <div class="suite-section-content">
              <ul>
                <li>
                  <a href="#" class="navigator-link " panel-name="test-xml-CAAT_TEST_Automation_-_Basic_Test">
                    <span>D:\WS_MDubey\CAATest\TestRun\CAAT_BasicTest_(v1.05).xml</span>
                  </a> <!-- navigator-link  -->
                </li>
                <li>
                  <a href="#" class="navigator-link " panel-name="testlist-CAAT_TEST_Automation_-_Basic_Test">
                    <span class="test-stats">5 tests</span>
                  </a> <!-- navigator-link  -->
                </li>
                <li>
                  <a href="#" class="navigator-link " panel-name="group-CAAT_TEST_Automation_-_Basic_Test">
                    <span>0 groups</span>
                  </a> <!-- navigator-link  -->
                </li>
                <li>
                  <a href="#" class="navigator-link " panel-name="times-CAAT_TEST_Automation_-_Basic_Test">
                    <span>Times</span>
                  </a> <!-- navigator-link  -->
                </li>
                <li>
                  <a href="#" class="navigator-link " panel-name="reporter-CAAT_TEST_Automation_-_Basic_Test">
                    <span>Reporter output</span>
                  </a> <!-- navigator-link  -->
                </li>
                <li>
                  <a href="#" class="navigator-link " panel-name="ignored-methods-CAAT_TEST_Automation_-_Basic_Test">
                    <span>Ignored methods</span>
                  </a> <!-- navigator-link  -->
                </li>
                <li>
                  <a href="#" class="navigator-link " panel-name="chronological-CAAT_TEST_Automation_-_Basic_Test">
                    <span>Chronological view</span>
                  </a> <!-- navigator-link  -->
                </li>
              </ul>
            </div> <!-- suite-section-content -->
            <div class="result-section">
              <div class="suite-section-title">
                <span>Results</span>
              </div> <!-- suite-section-title -->
              <div class="suite-section-content">
                <ul>
                  <li>
                    <span class="method-stats">17 methods, 2 failed,   15 passed</span>
                  </li>
                  <li>
                    <span class="method-list-title failed">Failed methods</span>
                    <span class="show-or-hide-methods failed">
                      <a href="#" panel-name="suite-CAAT_TEST_Automation_-_Basic_Test" class="hide-methods failed suite-CAAT_TEST_Automation_-_Basic_Test"> (hide)</a> <!-- hide-methods failed suite-CAAT_TEST_Automation_-_Basic_Test -->
                      <a href="#" panel-name="suite-CAAT_TEST_Automation_-_Basic_Test" class="show-methods failed suite-CAAT_TEST_Automation_-_Basic_Test"> (show)</a> <!-- show-methods failed suite-CAAT_TEST_Automation_-_Basic_Test -->
                    </span>
                    <div class="method-list-content failed suite-CAAT_TEST_Automation_-_Basic_Test">
                      <span>
                        <img width="3%" src="failed.png"/>
                        <a href="#" class="method navigator-link" panel-name="suite-CAAT_TEST_Automation_-_Basic_Test" title="com.caat.qa.testcases.CAAT_ProfileAndTrans_Test" hash-for-method="CAAT_LoginAndTransactionAmountVerification_Test">CAAT_LoginAndTransactionAmountVerification_Test</a> <!-- method navigator-link -->
                      </span>
                      <br/>
                      <span>
                        <img width="3%" src="failed.png"/>
                        <a href="#" class="method navigator-link" panel-name="suite-CAAT_TEST_Automation_-_Basic_Test" title="com.caat.qa.testcases.CAAT_LoginAndPurchase_Test" hash-for-method="CAAT_LoginAndTransaction_Test">CAAT_LoginAndTransaction_Test</a> <!-- method navigator-link -->
                      </span>
                      <br/>
                    </div> <!-- method-list-content failed suite-CAAT_TEST_Automation_-_Basic_Test -->
                  </li>
                  <li>
                    <span class="method-list-title passed">Passed methods</span>
                    <span class="show-or-hide-methods passed">
                      <a href="#" panel-name="suite-CAAT_TEST_Automation_-_Basic_Test" class="hide-methods passed suite-CAAT_TEST_Automation_-_Basic_Test"> (hide)</a> <!-- hide-methods passed suite-CAAT_TEST_Automation_-_Basic_Test -->
                      <a href="#" panel-name="suite-CAAT_TEST_Automation_-_Basic_Test" class="show-methods passed suite-CAAT_TEST_Automation_-_Basic_Test"> (show)</a> <!-- show-methods passed suite-CAAT_TEST_Automation_-_Basic_Test -->
                    </span>
                    <div class="method-list-content passed suite-CAAT_TEST_Automation_-_Basic_Test">
                      <span>
                        <img width="3%" src="passed.png"/>
                        <a href="#" class="method navigator-link" panel-name="suite-CAAT_TEST_Automation_-_Basic_Test" title="com.caat.qa.testcases.CAAT_OpenApplication_Test" hash-for-method="CAAT_CloseApp_Test">CAAT_CloseApp_Test</a> <!-- method navigator-link -->
                      </span>
                      <br/>
                      <span>
                        <img width="3%" src="passed.png"/>
                        <a href="#" class="method navigator-link" panel-name="suite-CAAT_TEST_Automation_-_Basic_Test" title="com.caat.qa.testcases.CAAT_Login_Test" hash-for-method="CAAT_CloseApp_Test">CAAT_CloseApp_Test</a> <!-- method navigator-link -->
                      </span>
                      <br/>
                      <span>
                        <img width="3%" src="passed.png"/>
                        <a href="#" class="method navigator-link" panel-name="suite-CAAT_TEST_Automation_-_Basic_Test" title="com.caat.qa.testcases.CAAT_LoginAndPurchase_Test" hash-for-method="CAAT_CloseApp_Test">CAAT_CloseApp_Test</a> <!-- method navigator-link -->
                      </span>
                      <br/>
                      <span>
                        <img width="3%" src="passed.png"/>
                        <a href="#" class="method navigator-link" panel-name="suite-CAAT_TEST_Automation_-_Basic_Test" title="com.caat.qa.testcases.CAAT_ProfileAndTrans_Test" hash-for-method="CAAT_CloseApp_Test">CAAT_CloseApp_Test</a> <!-- method navigator-link -->
                      </span>
                      <br/>
                      <span>
                        <img width="3%" src="passed.png"/>
                        <a href="#" class="method navigator-link" panel-name="suite-CAAT_TEST_Automation_-_Basic_Test" title="com.caat.qa.testcases.CAAT_CreateAccount_Test" hash-for-method="CAAT_CreateNewAccount_Test">CAAT_CreateNewAccount_Test</a> <!-- method navigator-link -->
                      </span>
                      <br/>
                      <span>
                        <img width="3%" src="passed.png"/>
                        <a href="#" class="method navigator-link" panel-name="suite-CAAT_TEST_Automation_-_Basic_Test" title="com.caat.qa.testcases.CAAT_Login_Test" hash-for-method="CAAT_LoginVerification_Test">CAAT_LoginVerification_Test</a> <!-- method navigator-link -->
                      </span>
                      <br/>
                      <span>
                        <img width="3%" src="passed.png"/>
                        <a href="#" class="method navigator-link" panel-name="suite-CAAT_TEST_Automation_-_Basic_Test" title="com.caat.qa.testcases.CAAT_CreateAccount_Test" hash-for-method="ClosingTheApplication_Test">ClosingTheApplication_Test</a> <!-- method navigator-link -->
                      </span>
                      <br/>
                      <span>
                        <img width="3%" src="passed.png"/>
                        <a href="#" class="method navigator-link" panel-name="suite-CAAT_TEST_Automation_-_Basic_Test" title="com.caat.qa.testcases.CAAT_OpenApplication_Test" hash-for-method="LaunchApplication_Test">LaunchApplication_Test</a> <!-- method navigator-link -->
                      </span>
                      <br/>
                      <span>
                        <img width="3%" src="passed.png"/>
                        <a href="#" class="method navigator-link" panel-name="suite-CAAT_TEST_Automation_-_Basic_Test" title="com.caat.qa.testcases.CAAT_CreateAccount_Test" hash-for-method="LaunchApplication_Test">LaunchApplication_Test</a> <!-- method navigator-link -->
                      </span>
                      <br/>
                      <span>
                        <img width="3%" src="passed.png"/>
                        <a href="#" class="method navigator-link" panel-name="suite-CAAT_TEST_Automation_-_Basic_Test" title="com.caat.qa.testcases.CAAT_Login_Test" hash-for-method="LaunchApplication_Test">LaunchApplication_Test</a> <!-- method navigator-link -->
                      </span>
                      <br/>
                      <span>
                        <img width="3%" src="passed.png"/>
                        <a href="#" class="method navigator-link" panel-name="suite-CAAT_TEST_Automation_-_Basic_Test" title="com.caat.qa.testcases.CAAT_LoginAndPurchase_Test" hash-for-method="LaunchApplication_Test">LaunchApplication_Test</a> <!-- method navigator-link -->
                      </span>
                      <br/>
                      <span>
                        <img width="3%" src="passed.png"/>
                        <a href="#" class="method navigator-link" panel-name="suite-CAAT_TEST_Automation_-_Basic_Test" title="com.caat.qa.testcases.CAAT_ProfileAndTrans_Test" hash-for-method="LaunchApplication_Test">LaunchApplication_Test</a> <!-- method navigator-link -->
                      </span>
                      <br/>
                      <span>
                        <img width="3%" src="passed.png"/>
                        <a href="#" class="method navigator-link" panel-name="suite-CAAT_TEST_Automation_-_Basic_Test" title="com.caat.qa.testcases.CAAT_OpenApplication_Test" hash-for-method="validate_CAAT_MainPage_TitleAndURL_Test">validate_CAAT_MainPage_TitleAndURL_Test</a> <!-- method navigator-link -->
                      </span>
                      <br/>
                      <span>
                        <img width="3%" src="passed.png"/>
                        <a href="#" class="method navigator-link" panel-name="suite-CAAT_TEST_Automation_-_Basic_Test" title="com.caat.qa.testcases.CAAT_CreateAccount_Test" hash-for-method="validate_CAAT_MainPage_TitleAndURL_Test">validate_CAAT_MainPage_TitleAndURL_Test</a> <!-- method navigator-link -->
                      </span>
                      <br/>
                      <span>
                        <img width="3%" src="passed.png"/>
                        <a href="#" class="method navigator-link" panel-name="suite-CAAT_TEST_Automation_-_Basic_Test" title="com.caat.qa.testcases.CAAT_CreateAccount_Test" hash-for-method="validate_SignIn_Label_Test">validate_SignIn_Label_Test</a> <!-- method navigator-link -->
                      </span>
                      <br/>
                    </div> <!-- method-list-content passed suite-CAAT_TEST_Automation_-_Basic_Test -->
                  </li>
                </ul>
              </div> <!-- suite-section-content -->
            </div> <!-- result-section -->
          </div> <!-- navigator-suite-content -->
        </div> <!-- rounded-window -->
      </div> <!-- suite -->
    </div> <!-- navigator-root -->
    <div class="wrapper">
      <div class="main-panel-root">
        <div panel-name="suite-CAAT_TEST_Automation_-_Basic_Test" class="panel CAAT_TEST_Automation_-_Basic_Test">
          <div class="suite-CAAT_TEST_Automation_-_Basic_Test-class-failed">
            <div class="main-panel-header rounded-window-top">
              <img src="failed.png"/>
              <span class="class-name">com.caat.qa.testcases.CAAT_LoginAndPurchase_Test</span>
            </div> <!-- main-panel-header rounded-window-top -->
            <div class="main-panel-content rounded-window-bottom">
              <div class="method">
                <div class="method-content">
                  <a name="CAAT_LoginAndTransaction_Test">
                  </a> <!-- CAAT_LoginAndTransaction_Test -->
                  <span class="method-name">CAAT_LoginAndTransaction_Test</span>
                  <div class="stack-trace">org.openqa.selenium.ElementNotInteractableException: element not interactable
  (Session info: chrome=83.0.4103.116)
Build info: version: &apos;3.141.59&apos;, revision: &apos;e82be7d358&apos;, time: &apos;2018-11-14T08:17:03&apos;
System info: host: &apos;DESKTOP-CM7QV2O&apos;, ip: &apos;192.168.2.11&apos;, os.name: &apos;Windows 10&apos;, os.arch: &apos;amd64&apos;, os.version: &apos;10.0&apos;, java.version: &apos;1.8.0_131&apos;
Driver info: org.openqa.selenium.chrome.ChromeDriver
Capabilities {acceptInsecureCerts: false, browserName: chrome, browserVersion: 83.0.4103.116, chrome: {chromedriverVersion: 83.0.4103.14 (be04594a2b841..., userDataDir: C:\Users\DELL\AppData\Local...}, goog:chromeOptions: {debuggerAddress: localhost:62286}, javascriptEnabled: true, networkConnectionEnabled: false, pageLoadStrategy: normal, platform: WINDOWS, platformName: WINDOWS, proxy: Proxy(), setWindowRect: true, strictFileInteractability: false, timeouts: {implicit: 0, pageLoad: 300000, script: 30000}, unhandledPromptBehavior: dismiss and notify, webauthn:virtualAuthenticators: true}
Session ID: 1d7b38f927b33e029ffdb76d55bf412f
	at org.openqa.selenium.remote.http.W3CHttpResponseCodec.createException(W3CHttpResponseCodec.java:187)
	at org.openqa.selenium.remote.http.W3CHttpResponseCodec.decode(W3CHttpResponseCodec.java:122)
	at org.openqa.selenium.remote.http.W3CHttpResponseCodec.decode(W3CHttpResponseCodec.java:49)
	at org.openqa.selenium.remote.HttpCommandExecutor.execute(HttpCommandExecutor.java:158)
	at org.openqa.selenium.remote.service.DriverCommandExecutor.execute(DriverCommandExecutor.java:83)
	at org.openqa.selenium.remote.RemoteWebDriver.execute(RemoteWebDriver.java:552)
	at org.openqa.selenium.remote.RemoteWebElement.execute(RemoteWebElement.java:285)
	at org.openqa.selenium.remote.RemoteWebElement.click(RemoteWebElement.java:84)
	at com.caat.qa.pages.CAAT_LoginAndPurchase.action_Select_WOMAN_Item(CAAT_LoginAndPurchase.java:138)
	at com.caat.qa.testcases.CAAT_LoginAndPurchase_Test.CAAT_LoginAndTransaction_Test(CAAT_LoginAndPurchase_Test.java:60)
	at java.util.concurrent.FutureTask.run(Unknown Source)
	at java.util.concurrent.ThreadPoolExecutor.runWorker(Unknown Source)
	at java.util.concurrent.ThreadPoolExecutor$Worker.run(Unknown Source)
	at java.lang.Thread.run(Unknown Source)
... Removed 20 stack frames
</div> <!-- stack-trace -->
                </div> <!-- method-content -->
              </div> <!-- method -->
            </div> <!-- main-panel-content rounded-window-bottom -->
          </div> <!-- suite-CAAT_TEST_Automation_-_Basic_Test-class-failed -->
          <div class="suite-CAAT_TEST_Automation_-_Basic_Test-class-failed">
            <div class="main-panel-header rounded-window-top">
              <img src="failed.png"/>
              <span class="class-name">com.caat.qa.testcases.CAAT_ProfileAndTrans_Test</span>
            </div> <!-- main-panel-header rounded-window-top -->
            <div class="main-panel-content rounded-window-bottom">
              <div class="method">
                <div class="method-content">
                  <a name="CAAT_LoginAndTransactionAmountVerification_Test">
                  </a> <!-- CAAT_LoginAndTransactionAmountVerification_Test -->
                  <span class="method-name">CAAT_LoginAndTransactionAmountVerification_Test</span>
                  <div class="stack-trace">org.openqa.selenium.NoSuchElementException: no such element: Unable to locate element: {&quot;method&quot;:&quot;xpath&quot;,&quot;selector&quot;:&quot;//*[@id=&apos;order-list&apos;]/tbody/tr/td[3]/span&quot;}
  (Session info: chrome=83.0.4103.116)
For documentation on this error, please visit: https://www.seleniumhq.org/exceptions/no_such_element.html
Build info: version: &apos;3.141.59&apos;, revision: &apos;e82be7d358&apos;, time: &apos;2018-11-14T08:17:03&apos;
System info: host: &apos;DESKTOP-CM7QV2O&apos;, ip: &apos;192.168.2.11&apos;, os.name: &apos;Windows 10&apos;, os.arch: &apos;amd64&apos;, os.version: &apos;10.0&apos;, java.version: &apos;1.8.0_131&apos;
Driver info: org.openqa.selenium.chrome.ChromeDriver
Capabilities {acceptInsecureCerts: false, browserName: chrome, browserVersion: 83.0.4103.116, chrome: {chromedriverVersion: 83.0.4103.14 (be04594a2b841..., userDataDir: C:\Users\DELL\AppData\Local...}, goog:chromeOptions: {debuggerAddress: localhost:62729}, javascriptEnabled: true, networkConnectionEnabled: false, pageLoadStrategy: normal, platform: WINDOWS, platformName: WINDOWS, proxy: Proxy(), setWindowRect: true, strictFileInteractability: false, timeouts: {implicit: 0, pageLoad: 300000, script: 30000}, unhandledPromptBehavior: dismiss and notify, webauthn:virtualAuthenticators: true}
Session ID: 1caff23de04620357ecfb85aa7183806
*** Element info: {Using=xpath, value=//*[@id=&apos;order-list&apos;]/tbody/tr/td[3]/span}
	at org.openqa.selenium.remote.http.W3CHttpResponseCodec.createException(W3CHttpResponseCodec.java:187)
	at org.openqa.selenium.remote.http.W3CHttpResponseCodec.decode(W3CHttpResponseCodec.java:122)
	at org.openqa.selenium.remote.http.W3CHttpResponseCodec.decode(W3CHttpResponseCodec.java:49)
	at org.openqa.selenium.remote.HttpCommandExecutor.execute(HttpCommandExecutor.java:158)
	at org.openqa.selenium.remote.service.DriverCommandExecutor.execute(DriverCommandExecutor.java:83)
	at org.openqa.selenium.remote.RemoteWebDriver.execute(RemoteWebDriver.java:552)
	at org.openqa.selenium.remote.RemoteWebDriver.findElement(RemoteWebDriver.java:323)
	at org.openqa.selenium.remote.RemoteWebDriver.findElementByXPath(RemoteWebDriver.java:428)
	at org.openqa.selenium.By$ByXPath.findElement(By.java:353)
	at org.openqa.selenium.remote.RemoteWebDriver.findElement(RemoteWebDriver.java:315)
	at org.openqa.selenium.support.pagefactory.DefaultElementLocator.findElement(DefaultElementLocator.java:69)
	at org.openqa.selenium.support.pagefactory.internal.LocatingElementHandler.invoke(LocatingElementHandler.java:38)
	at com.sun.proxy.$Proxy10.getText(Unknown Source)
	at com.caat.qa.pages.CAAT_ProfileAndTrans.validate_TransactionAmount(CAAT_ProfileAndTrans.java:100)
	at com.caat.qa.testcases.CAAT_ProfileAndTrans_Test.CAAT_LoginAndTransactionAmountVerification_Test(CAAT_ProfileAndTrans_Test.java:62)
	at java.util.concurrent.FutureTask.run(Unknown Source)
	at java.util.concurrent.ThreadPoolExecutor.runWorker(Unknown Source)
	at java.util.concurrent.ThreadPoolExecutor$Worker.run(Unknown Source)
	at java.lang.Thread.run(Unknown Source)
... Removed 20 stack frames
</div> <!-- stack-trace -->
                </div> <!-- method-content -->
              </div> <!-- method -->
            </div> <!-- main-panel-content rounded-window-bottom -->
          </div> <!-- suite-CAAT_TEST_Automation_-_Basic_Test-class-failed -->
          <div class="suite-CAAT_TEST_Automation_-_Basic_Test-class-passed">
            <div class="main-panel-header rounded-window-top">
              <img src="passed.png"/>
              <span class="class-name">com.caat.qa.testcases.CAAT_Login_Test</span>
            </div> <!-- main-panel-header rounded-window-top -->
            <div class="main-panel-content rounded-window-bottom">
              <div class="method">
                <div class="method-content">
                  <a name="CAAT_CloseApp_Test">
                  </a> <!-- CAAT_CloseApp_Test -->
                  <span class="method-name">CAAT_CloseApp_Test</span>
                </div> <!-- method-content -->
              </div> <!-- method -->
              <div class="method">
                <div class="method-content">
                  <a name="CAAT_LoginVerification_Test">
                  </a> <!-- CAAT_LoginVerification_Test -->
                  <span class="method-name">CAAT_LoginVerification_Test</span>
                </div> <!-- method-content -->
              </div> <!-- method -->
              <div class="method">
                <div class="method-content">
                  <a name="LaunchApplication_Test">
                  </a> <!-- LaunchApplication_Test -->
                  <span class="method-name">LaunchApplication_Test</span>
                </div> <!-- method-content -->
              </div> <!-- method -->
            </div> <!-- main-panel-content rounded-window-bottom -->
          </div> <!-- suite-CAAT_TEST_Automation_-_Basic_Test-class-passed -->
          <div class="suite-CAAT_TEST_Automation_-_Basic_Test-class-passed">
            <div class="main-panel-header rounded-window-top">
              <img src="passed.png"/>
              <span class="class-name">com.caat.qa.testcases.CAAT_LoginAndPurchase_Test</span>
            </div> <!-- main-panel-header rounded-window-top -->
            <div class="main-panel-content rounded-window-bottom">
              <div class="method">
                <div class="method-content">
                  <a name="CAAT_CloseApp_Test">
                  </a> <!-- CAAT_CloseApp_Test -->
                  <span class="method-name">CAAT_CloseApp_Test</span>
                </div> <!-- method-content -->
              </div> <!-- method -->
              <div class="method">
                <div class="method-content">
                  <a name="LaunchApplication_Test">
                  </a> <!-- LaunchApplication_Test -->
                  <span class="method-name">LaunchApplication_Test</span>
                </div> <!-- method-content -->
              </div> <!-- method -->
            </div> <!-- main-panel-content rounded-window-bottom -->
          </div> <!-- suite-CAAT_TEST_Automation_-_Basic_Test-class-passed -->
          <div class="suite-CAAT_TEST_Automation_-_Basic_Test-class-passed">
            <div class="main-panel-header rounded-window-top">
              <img src="passed.png"/>
              <span class="class-name">com.caat.qa.testcases.CAAT_OpenApplication_Test</span>
            </div> <!-- main-panel-header rounded-window-top -->
            <div class="main-panel-content rounded-window-bottom">
              <div class="method">
                <div class="method-content">
                  <a name="CAAT_CloseApp_Test">
                  </a> <!-- CAAT_CloseApp_Test -->
                  <span class="method-name">CAAT_CloseApp_Test</span>
                </div> <!-- method-content -->
              </div> <!-- method -->
              <div class="method">
                <div class="method-content">
                  <a name="LaunchApplication_Test">
                  </a> <!-- LaunchApplication_Test -->
                  <span class="method-name">LaunchApplication_Test</span>
                </div> <!-- method-content -->
              </div> <!-- method -->
              <div class="method">
                <div class="method-content">
                  <a name="validate_CAAT_MainPage_TitleAndURL_Test">
                  </a> <!-- validate_CAAT_MainPage_TitleAndURL_Test -->
                  <span class="method-name">validate_CAAT_MainPage_TitleAndURL_Test</span>
                </div> <!-- method-content -->
              </div> <!-- method -->
            </div> <!-- main-panel-content rounded-window-bottom -->
          </div> <!-- suite-CAAT_TEST_Automation_-_Basic_Test-class-passed -->
          <div class="suite-CAAT_TEST_Automation_-_Basic_Test-class-passed">
            <div class="main-panel-header rounded-window-top">
              <img src="passed.png"/>
              <span class="class-name">com.caat.qa.testcases.CAAT_CreateAccount_Test</span>
            </div> <!-- main-panel-header rounded-window-top -->
            <div class="main-panel-content rounded-window-bottom">
              <div class="method">
                <div class="method-content">
                  <a name="CAAT_CreateNewAccount_Test">
                  </a> <!-- CAAT_CreateNewAccount_Test -->
                  <span class="method-name">CAAT_CreateNewAccount_Test</span>
                </div> <!-- method-content -->
              </div> <!-- method -->
              <div class="method">
                <div class="method-content">
                  <a name="ClosingTheApplication_Test">
                  </a> <!-- ClosingTheApplication_Test -->
                  <span class="method-name">ClosingTheApplication_Test</span>
                </div> <!-- method-content -->
              </div> <!-- method -->
              <div class="method">
                <div class="method-content">
                  <a name="LaunchApplication_Test">
                  </a> <!-- LaunchApplication_Test -->
                  <span class="method-name">LaunchApplication_Test</span>
                </div> <!-- method-content -->
              </div> <!-- method -->
              <div class="method">
                <div class="method-content">
                  <a name="validate_CAAT_MainPage_TitleAndURL_Test">
                  </a> <!-- validate_CAAT_MainPage_TitleAndURL_Test -->
                  <span class="method-name">validate_CAAT_MainPage_TitleAndURL_Test</span>
                </div> <!-- method-content -->
              </div> <!-- method -->
              <div class="method">
                <div class="method-content">
                  <a name="validate_SignIn_Label_Test">
                  </a> <!-- validate_SignIn_Label_Test -->
                  <span class="method-name">validate_SignIn_Label_Test</span>
                </div> <!-- method-content -->
              </div> <!-- method -->
            </div> <!-- main-panel-content rounded-window-bottom -->
          </div> <!-- suite-CAAT_TEST_Automation_-_Basic_Test-class-passed -->
          <div class="suite-CAAT_TEST_Automation_-_Basic_Test-class-passed">
            <div class="main-panel-header rounded-window-top">
              <img src="passed.png"/>
              <span class="class-name">com.caat.qa.testcases.CAAT_ProfileAndTrans_Test</span>
            </div> <!-- main-panel-header rounded-window-top -->
            <div class="main-panel-content rounded-window-bottom">
              <div class="method">
                <div class="method-content">
                  <a name="CAAT_CloseApp_Test">
                  </a> <!-- CAAT_CloseApp_Test -->
                  <span class="method-name">CAAT_CloseApp_Test</span>
                </div> <!-- method-content -->
              </div> <!-- method -->
              <div class="method">
                <div class="method-content">
                  <a name="LaunchApplication_Test">
                  </a> <!-- LaunchApplication_Test -->
                  <span class="method-name">LaunchApplication_Test</span>
                </div> <!-- method-content -->
              </div> <!-- method -->
            </div> <!-- main-panel-content rounded-window-bottom -->
          </div> <!-- suite-CAAT_TEST_Automation_-_Basic_Test-class-passed -->
        </div> <!-- panel CAAT_TEST_Automation_-_Basic_Test -->
        <div panel-name="test-xml-CAAT_TEST_Automation_-_Basic_Test" class="panel">
          <div class="main-panel-header rounded-window-top">
            <span class="header-content">D:\WS_MDubey\CAATest\TestRun\CAAT_BasicTest_(v1.05).xml</span>
          </div> <!-- main-panel-header rounded-window-top -->
          <div class="main-panel-content rounded-window-bottom">
            <pre>
&lt;?xml version=&quot;1.0&quot; encoding=&quot;UTF-8&quot;?&gt;
&lt;!DOCTYPE suite SYSTEM &quot;http://testng.org/testng-1.0.dtd&quot;&gt;
&lt;suite thread-count=&quot;1&quot; guice-stage=&quot;DEVELOPMENT&quot; name=&quot;CAAT TEST Automation - Basic Test&quot; parallel=&quot;tests&quot;&gt;
  &lt;test name=&quot;Cross Asyst Assignment: Launch Application&quot;&gt;
    &lt;classes&gt;
      &lt;class name=&quot;com.caat.qa.testcases.CAAT_OpenApplication_Test&quot;/&gt;
    &lt;/classes&gt;
  &lt;/test&gt; &lt;!-- Cross Asyst Assignment: Launch Application --&gt;
  &lt;test name=&quot;Cross Asyst Assignment: Create Account&quot;&gt;
    &lt;classes&gt;
      &lt;class name=&quot;com.caat.qa.testcases.CAAT_CreateAccount_Test&quot;/&gt;
    &lt;/classes&gt;
  &lt;/test&gt; &lt;!-- Cross Asyst Assignment: Create Account --&gt;
  &lt;test name=&quot;Cross Asyst Assignment: Login&quot;&gt;
    &lt;classes&gt;
      &lt;class name=&quot;com.caat.qa.testcases.CAAT_Login_Test&quot;/&gt;
    &lt;/classes&gt;
  &lt;/test&gt; &lt;!-- Cross Asyst Assignment: Login --&gt;
  &lt;test name=&quot;Cross Asyst Assignment: Login and Purchase&quot;&gt;
    &lt;classes&gt;
      &lt;class name=&quot;com.caat.qa.testcases.CAAT_LoginAndPurchase_Test&quot;/&gt;
    &lt;/classes&gt;
  &lt;/test&gt; &lt;!-- Cross Asyst Assignment: Login and Purchase --&gt;
  &lt;test name=&quot;Cross Asyst Assignment: Transaction History&quot;&gt;
    &lt;classes&gt;
      &lt;class name=&quot;com.caat.qa.testcases.CAAT_ProfileAndTrans_Test&quot;/&gt;
    &lt;/classes&gt;
  &lt;/test&gt; &lt;!-- Cross Asyst Assignment: Transaction History --&gt;
&lt;/suite&gt; &lt;!-- CAAT TEST Automation - Basic Test --&gt;
            </pre>
          </div> <!-- main-panel-content rounded-window-bottom -->
        </div> <!-- panel -->
        <div panel-name="testlist-CAAT_TEST_Automation_-_Basic_Test" class="panel">
          <div class="main-panel-header rounded-window-top">
            <span class="header-content">Tests for CAAT TEST Automation - Basic Test</span>
          </div> <!-- main-panel-header rounded-window-top -->
          <div class="main-panel-content rounded-window-bottom">
            <ul>
              <li>
                <span class="test-name">Cross Asyst Assignment: Launch Application (1 class)</span>
              </li>
              <li>
                <span class="test-name">Cross Asyst Assignment: Create Account (1 class)</span>
              </li>
              <li>
                <span class="test-name">Cross Asyst Assignment: Login (1 class)</span>
              </li>
              <li>
                <span class="test-name">Cross Asyst Assignment: Login and Purchase (1 class)</span>
              </li>
              <li>
                <span class="test-name">Cross Asyst Assignment: Transaction History (1 class)</span>
              </li>
            </ul>
          </div> <!-- main-panel-content rounded-window-bottom -->
        </div> <!-- panel -->
        <div panel-name="group-CAAT_TEST_Automation_-_Basic_Test" class="panel">
          <div class="main-panel-header rounded-window-top">
            <span class="header-content">Groups for CAAT TEST Automation - Basic Test</span>
          </div> <!-- main-panel-header rounded-window-top -->
          <div class="main-panel-content rounded-window-bottom">
          </div> <!-- main-panel-content rounded-window-bottom -->
        </div> <!-- panel -->
        <div panel-name="times-CAAT_TEST_Automation_-_Basic_Test" class="panel">
          <div class="main-panel-header rounded-window-top">
            <span class="header-content">Times for CAAT TEST Automation - Basic Test</span>
          </div> <!-- main-panel-header rounded-window-top -->
          <div class="main-panel-content rounded-window-bottom">
            <div class="times-div">
              <script type="text/javascript">
suiteTableInitFunctions.push('tableData_CAAT_TEST_Automation_-_Basic_Test');
function tableData_CAAT_TEST_Automation_-_Basic_Test() {
var data = new google.visualization.DataTable();
data.addColumn('number', 'Number');
data.addColumn('string', 'Method');
data.addColumn('string', 'Class');
data.addColumn('number', 'Time (ms)');
data.addRows(17);
data.setCell(0, 0, 0)
data.setCell(0, 1, 'CAAT_LoginAndTransaction_Test')
data.setCell(0, 2, 'com.caat.qa.testcases.CAAT_LoginAndPurchase_Test')
data.setCell(0, 3, 47860);
data.setCell(1, 0, 1)
data.setCell(1, 1, 'CAAT_CreateNewAccount_Test')
data.setCell(1, 2, 'com.caat.qa.testcases.CAAT_CreateAccount_Test')
data.setCell(1, 3, 39256);
data.setCell(2, 0, 2)
data.setCell(2, 1, 'CAAT_LoginVerification_Test')
data.setCell(2, 2, 'com.caat.qa.testcases.CAAT_Login_Test')
data.setCell(2, 3, 17575);
data.setCell(3, 0, 3)
data.setCell(3, 1, 'CAAT_LoginAndTransactionAmountVerification_Test')
data.setCell(3, 2, 'com.caat.qa.testcases.CAAT_ProfileAndTrans_Test')
data.setCell(3, 3, 12610);
data.setCell(4, 0, 4)
data.setCell(4, 1, 'validate_CAAT_MainPage_TitleAndURL_Test')
data.setCell(4, 2, 'com.caat.qa.testcases.CAAT_OpenApplication_Test')
data.setCell(4, 3, 4539);
data.setCell(5, 0, 5)
data.setCell(5, 1, 'validate_SignIn_Label_Test')
data.setCell(5, 2, 'com.caat.qa.testcases.CAAT_CreateAccount_Test')
data.setCell(5, 3, 2493);
data.setCell(6, 0, 6)
data.setCell(6, 1, 'validate_CAAT_MainPage_TitleAndURL_Test')
data.setCell(6, 2, 'com.caat.qa.testcases.CAAT_CreateAccount_Test')
data.setCell(6, 3, 1928);
data.setCell(7, 0, 7)
data.setCell(7, 1, 'LaunchApplication_Test')
data.setCell(7, 2, 'com.caat.qa.testcases.CAAT_OpenApplication_Test')
data.setCell(7, 3, 1546);
data.setCell(8, 0, 8)
data.setCell(8, 1, 'CAAT_CloseApp_Test')
data.setCell(8, 2, 'com.caat.qa.testcases.CAAT_OpenApplication_Test')
data.setCell(8, 3, 1);
data.setCell(9, 0, 9)
data.setCell(9, 1, 'ClosingTheApplication_Test')
data.setCell(9, 2, 'com.caat.qa.testcases.CAAT_CreateAccount_Test')
data.setCell(9, 3, 1);
data.setCell(10, 0, 10)
data.setCell(10, 1, 'LaunchApplication_Test')
data.setCell(10, 2, 'com.caat.qa.testcases.CAAT_Login_Test')
data.setCell(10, 3, 1);
data.setCell(11, 0, 11)
data.setCell(11, 1, 'LaunchApplication_Test')
data.setCell(11, 2, 'com.caat.qa.testcases.CAAT_CreateAccount_Test')
data.setCell(11, 3, 0);
data.setCell(12, 0, 12)
data.setCell(12, 1, 'CAAT_CloseApp_Test')
data.setCell(12, 2, 'com.caat.qa.testcases.CAAT_Login_Test')
data.setCell(12, 3, 0);
data.setCell(13, 0, 13)
data.setCell(13, 1, 'LaunchApplication_Test')
data.setCell(13, 2, 'com.caat.qa.testcases.CAAT_LoginAndPurchase_Test')
data.setCell(13, 3, 0);
data.setCell(14, 0, 14)
data.setCell(14, 1, 'CAAT_CloseApp_Test')
data.setCell(14, 2, 'com.caat.qa.testcases.CAAT_LoginAndPurchase_Test')
data.setCell(14, 3, 0);
data.setCell(15, 0, 15)
data.setCell(15, 1, 'CAAT_CloseApp_Test')
data.setCell(15, 2, 'com.caat.qa.testcases.CAAT_ProfileAndTrans_Test')
data.setCell(15, 3, 0);
data.setCell(16, 0, 16)
data.setCell(16, 1, 'LaunchApplication_Test')
data.setCell(16, 2, 'com.caat.qa.testcases.CAAT_ProfileAndTrans_Test')
data.setCell(16, 3, 0);
window.suiteTableData['CAAT_TEST_Automation_-_Basic_Test']= { tableData: data, tableDiv: 'times-div-CAAT_TEST_Automation_-_Basic_Test'}
return data;
}
              </script>
              <span class="suite-total-time">Total running time: 2 minutes</span>
              <div id="times-div-CAAT_TEST_Automation_-_Basic_Test">
              </div> <!-- times-div-CAAT_TEST_Automation_-_Basic_Test -->
            </div> <!-- times-div -->
          </div> <!-- main-panel-content rounded-window-bottom -->
        </div> <!-- panel -->
        <div panel-name="reporter-CAAT_TEST_Automation_-_Basic_Test" class="panel">
          <div class="main-panel-header rounded-window-top">
            <span class="header-content">Reporter output for CAAT TEST Automation - Basic Test</span>
          </div> <!-- main-panel-header rounded-window-top -->
          <div class="main-panel-content rounded-window-bottom">
          </div> <!-- main-panel-content rounded-window-bottom -->
        </div> <!-- panel -->
        <div panel-name="ignored-methods-CAAT_TEST_Automation_-_Basic_Test" class="panel">
          <div class="main-panel-header rounded-window-top">
            <span class="header-content">0 ignored methods</span>
          </div> <!-- main-panel-header rounded-window-top -->
          <div class="main-panel-content rounded-window-bottom">
          </div> <!-- main-panel-content rounded-window-bottom -->
        </div> <!-- panel -->
        <div panel-name="chronological-CAAT_TEST_Automation_-_Basic_Test" class="panel">
          <div class="main-panel-header rounded-window-top">
            <span class="header-content">Methods in chronological order</span>
          </div> <!-- main-panel-header rounded-window-top -->
          <div class="main-panel-content rounded-window-bottom">
            <div class="chronological-class">
              <div class="chronological-class-name">com.caat.qa.testcases.CAAT_OpenApplication_Test</div> <!-- chronological-class-name -->
              <div class="configuration-test before">
                <span class="method-name">EnvironmentSetUp</span>
                <span class="method-start">0 ms</span>
              </div> <!-- configuration-test before -->
              <div class="configuration-method before">
                <span class="method-name">SetUp</span>
                <span class="method-start">375 ms</span>
              </div> <!-- configuration-method before -->
              <div class="test-method">
                <span class="method-name">LaunchApplication_Test</span>
                <span class="method-start">21403 ms</span>
              </div> <!-- test-method -->
              <div class="configuration-method after">
                <span class="method-name">ClosetheBroser</span>
                <span class="method-start">22950 ms</span>
              </div> <!-- configuration-method after -->
              <div class="configuration-method before">
                <span class="method-name">SetUp</span>
                <span class="method-start">28246 ms</span>
              </div> <!-- configuration-method before -->
              <div class="test-method">
                <span class="method-name">validate_CAAT_MainPage_TitleAndURL_Test</span>
                <span class="method-start">48852 ms</span>
              </div> <!-- test-method -->
              <div class="configuration-method after">
                <span class="method-name">ClosetheBroser</span>
                <span class="method-start">53391 ms</span>
              </div> <!-- configuration-method after -->
              <div class="configuration-method before">
                <span class="method-name">SetUp</span>
                <span class="method-start">54544 ms</span>
              </div> <!-- configuration-method before -->
              <div class="test-method">
                <span class="method-name">CAAT_CloseApp_Test</span>
                <span class="method-start">73782 ms</span>
              </div> <!-- test-method -->
              <div class="configuration-method after">
                <span class="method-name">ClosetheBroser</span>
                <span class="method-start">73784 ms</span>
              </div> <!-- configuration-method after -->
              <div class="configuration-test after">
                <span class="method-name">TestCompleted</span>
                <span class="method-start">75855 ms</span>
              </div> <!-- configuration-test after -->
            </div> <!-- chronological-class -->
            <div class="chronological-class">
              <div class="chronological-class-name">com.caat.qa.testcases.CAAT_CreateAccount_Test</div> <!-- chronological-class-name -->
              <div class="configuration-test before">
                <span class="method-name">EnvironmentSetUp</span>
                <span class="method-start">76418 ms</span>
              </div> <!-- configuration-test before -->
              <div class="configuration-method before">
                <span class="method-name">SetUp</span>
                <span class="method-start">76420 ms</span>
              </div> <!-- configuration-method before -->
              <div class="test-method">
                <span class="method-name">LaunchApplication_Test</span>
                <span class="method-start">97234 ms</span>
              </div> <!-- test-method -->
              <div class="configuration-method after">
                <span class="method-name">ClosetheBroser</span>
                <span class="method-start">97235 ms</span>
              </div> <!-- configuration-method after -->
              <div class="configuration-method before">
                <span class="method-name">SetUp</span>
                <span class="method-start">98470 ms</span>
              </div> <!-- configuration-method before -->
              <div class="test-method">
                <span class="method-name">validate_CAAT_MainPage_TitleAndURL_Test</span>
                <span class="method-start">119674 ms</span>
              </div> <!-- test-method -->
              <div class="configuration-method after">
                <span class="method-name">ClosetheBroser</span>
                <span class="method-start">121602 ms</span>
              </div> <!-- configuration-method after -->
              <div class="configuration-method before">
                <span class="method-name">SetUp</span>
                <span class="method-start">122909 ms</span>
              </div> <!-- configuration-method before -->
              <div class="test-method">
                <span class="method-name">validate_SignIn_Label_Test</span>
                <span class="method-start">147165 ms</span>
              </div> <!-- test-method -->
              <div class="configuration-method after">
                <span class="method-name">ClosetheBroser</span>
                <span class="method-start">149659 ms</span>
              </div> <!-- configuration-method after -->
              <div class="configuration-method before">
                <span class="method-name">SetUp</span>
                <span class="method-start">150690 ms</span>
              </div> <!-- configuration-method before -->
              <div class="test-method">
                <span class="method-name">CAAT_CreateNewAccount_Test</span>
                <span class="method-start">169780 ms</span>
              </div> <!-- test-method -->
              <div class="configuration-method after">
                <span class="method-name">ClosetheBroser</span>
                <span class="method-start">209039 ms</span>
              </div> <!-- configuration-method after -->
              <div class="configuration-method before">
                <span class="method-name">SetUp</span>
                <span class="method-start">210345 ms</span>
              </div> <!-- configuration-method before -->
              <div class="test-method">
                <span class="method-name">ClosingTheApplication_Test</span>
                <span class="method-start">232699 ms</span>
              </div> <!-- test-method -->
              <div class="configuration-method after">
                <span class="method-name">ClosetheBroser</span>
                <span class="method-start">232701 ms</span>
              </div> <!-- configuration-method after -->
              <div class="configuration-test after">
                <span class="method-name">TestCompleted</span>
                <span class="method-start">234425 ms</span>
              </div> <!-- configuration-test after -->
            </div> <!-- chronological-class -->
            <div class="chronological-class">
              <div class="chronological-class-name">com.caat.qa.testcases.CAAT_Login_Test</div> <!-- chronological-class-name -->
              <div class="configuration-test before">
                <span class="method-name">EnvironmentSetUp</span>
                <span class="method-start">234650 ms</span>
              </div> <!-- configuration-test before -->
              <div class="configuration-method before">
                <span class="method-name">SetUp</span>
                <span class="method-start">234660 ms</span>
              </div> <!-- configuration-method before -->
              <div class="test-method">
                <span class="method-name">LaunchApplication_Test</span>
                <span class="method-start">253013 ms</span>
              </div> <!-- test-method -->
              <div class="configuration-method after">
                <span class="method-name">ClosetheBroser</span>
                <span class="method-start">253016 ms</span>
              </div> <!-- configuration-method after -->
              <div class="configuration-method before">
                <span class="method-name">SetUp</span>
                <span class="method-start">254147 ms</span>
              </div> <!-- configuration-method before -->
              <div class="test-method">
                <span class="method-name">CAAT_LoginVerification_Test</span>
                <span class="method-start">271702 ms</span>
              </div> <!-- test-method -->
              <div class="configuration-method after">
                <span class="method-name">ClosetheBroser</span>
                <span class="method-start">289278 ms</span>
              </div> <!-- configuration-method after -->
              <div class="configuration-method before">
                <span class="method-name">SetUp</span>
                <span class="method-start">290192 ms</span>
              </div> <!-- configuration-method before -->
              <div class="test-method">
                <span class="method-name">CAAT_CloseApp_Test</span>
                <span class="method-start">312183 ms</span>
              </div> <!-- test-method -->
              <div class="configuration-method after">
                <span class="method-name">ClosetheBroser</span>
                <span class="method-start">312184 ms</span>
              </div> <!-- configuration-method after -->
              <div class="configuration-test after">
                <span class="method-name">TestCompleted</span>
                <span class="method-start">313863 ms</span>
              </div> <!-- configuration-test after -->
            </div> <!-- chronological-class -->
            <div class="chronological-class">
              <div class="chronological-class-name">com.caat.qa.testcases.CAAT_LoginAndPurchase_Test</div> <!-- chronological-class-name -->
              <div class="configuration-test before">
                <span class="method-name">EnvironmentSetUp</span>
                <span class="method-start">313936 ms</span>
              </div> <!-- configuration-test before -->
              <div class="configuration-method before">
                <span class="method-name">SetUp</span>
                <span class="method-start">313946 ms</span>
              </div> <!-- configuration-method before -->
              <div class="test-method">
                <span class="method-name">LaunchApplication_Test</span>
                <span class="method-start">332535 ms</span>
              </div> <!-- test-method -->
              <div class="configuration-method after">
                <span class="method-name">ClosetheBroser</span>
                <span class="method-start">332536 ms</span>
              </div> <!-- configuration-method after -->
              <div class="configuration-method before">
                <span class="method-name">SetUp</span>
                <span class="method-start">336889 ms</span>
              </div> <!-- configuration-method before -->
              <div class="test-method">
                <img src="failed.png">
                </img>
                <span class="method-name">CAAT_LoginAndTransaction_Test</span>
                <span class="method-start">357763 ms</span>
              </div> <!-- test-method -->
              <div class="configuration-method after">
                <span class="method-name">ClosetheBroser</span>
                <span class="method-start">405626 ms</span>
              </div> <!-- configuration-method after -->
              <div class="configuration-method before">
                <span class="method-name">SetUp</span>
                <span class="method-start">419947 ms</span>
              </div> <!-- configuration-method before -->
              <div class="test-method">
                <span class="method-name">CAAT_CloseApp_Test</span>
                <span class="method-start">445939 ms</span>
              </div> <!-- test-method -->
              <div class="configuration-method after">
                <span class="method-name">ClosetheBroser</span>
                <span class="method-start">445940 ms</span>
              </div> <!-- configuration-method after -->
              <div class="configuration-test after">
                <span class="method-name">TestCompleted</span>
                <span class="method-start">448716 ms</span>
              </div> <!-- configuration-test after -->
            </div> <!-- chronological-class -->
            <div class="chronological-class">
              <div class="chronological-class-name">com.caat.qa.testcases.CAAT_ProfileAndTrans_Test</div> <!-- chronological-class-name -->
              <div class="configuration-test before">
                <span class="method-name">EnvironmentSetUp</span>
                <span class="method-start">448806 ms</span>
              </div> <!-- configuration-test before -->
              <div class="configuration-method before">
                <span class="method-name">SetUp</span>
                <span class="method-start">448815 ms</span>
              </div> <!-- configuration-method before -->
              <div class="test-method">
                <span class="method-name">LaunchApplication_Test</span>
                <span class="method-start">495182 ms</span>
              </div> <!-- test-method -->
              <div class="configuration-method after">
                <span class="method-name">ClosetheBroser</span>
                <span class="method-start">495183 ms</span>
              </div> <!-- configuration-method after -->
              <div class="configuration-method before">
                <span class="method-name">SetUp</span>
                <span class="method-start">497204 ms</span>
              </div> <!-- configuration-method before -->
              <div class="test-method">
                <img src="failed.png">
                </img>
                <span class="method-name">CAAT_LoginAndTransactionAmountVerification_Test</span>
                <span class="method-start">529868 ms</span>
              </div> <!-- test-method -->
              <div class="configuration-method after">
                <span class="method-name">ClosetheBroser</span>
                <span class="method-start">542478 ms</span>
              </div> <!-- configuration-method after -->
              <div class="configuration-method before">
                <span class="method-name">SetUp</span>
                <span class="method-start">544943 ms</span>
              </div> <!-- configuration-method before -->
              <div class="test-method">
                <span class="method-name">CAAT_CloseApp_Test</span>
                <span class="method-start">577589 ms</span>
              </div> <!-- test-method -->
              <div class="configuration-method after">
                <span class="method-name">ClosetheBroser</span>
                <span class="method-start">577589 ms</span>
              </div> <!-- configuration-method after -->
              <div class="configuration-test after">
                <span class="method-name">TestCompleted</span>
                <span class="method-start">579221 ms</span>
              </div> <!-- configuration-test after -->
          </div> <!-- main-panel-content rounded-window-bottom -->
        </div> <!-- panel -->
      </div> <!-- main-panel-root -->
    </div> <!-- wrapper -->
  </body>
</html>
